<?xml version="1.0" encoding="UTF-8"?>
<!-- Generated by org.testng.reporters.JUnitReportReporter -->
<testsuite hostname="DESKTOP-8PL2JVR" failures="0" tests="4" name="com.jbk.testcase.LoginTestCases" time="0.829" errors="0" timestamp="2022-05-28T13:44:37 IST" skipped="0">
  <testcase classname="com.jbk.testcase.LoginTestCases" name="testEelements" time="0.068"/>
  <system-out/>
  <testcase classname="com.jbk.testcase.LoginTestCases" name="loginCheck" time="0.399"/>
  <system-out/>
  <testcase classname="com.jbk.testcase.LoginTestCases" name="checkContains" time="0.037"/>
  <system-out/>
  <testcase classname="com.jbk.testcase.LoginTestCases" name="BlankMailPassword" time="0.325"/>
  <system-out/>
</testsuite> <!-- com.jbk.testcase.LoginTestCases -->
